07/08/03, 15:30:17, 4, 0, C:\Archivos de programa\Amapro\ProduccionDetalle.rpt:Cannot open database.
07/08/03, 15:30:17, 4, 0, C:\Archivos de programa\Amapro\ProduccionDetalle.rpt:Open database session failed.
07/08/03, 15:31:17, 4, 0, C:\Archivos de programa\Amapro\ProduccionDetalle.rpt:Cannot open database.
07/08/03, 15:31:17, 4, 0, C:\Archivos de programa\Amapro\ProduccionDetalle.rpt:Open database session failed.
07/08/03, 15:31:49, 4, 0, C:\Archivos de programa\Amapro\BodegasMateriaPrima.rpt:Cannot open database.
07/08/03, 15:31:49, 4, 0, C:\Archivos de programa\Amapro\BodegasMateriaPrima.rpt:Open database session failed.
07/25/03, 16:10:06, 4, 0, :File not found.
07/25/03, 16:10:06, 4, 0, :File not found.
07/29/03, 14:50:00, 4, 0, C:\Archivos de programa\Amapro\ReporteSalidasMateriaPrima.rpt:Cannot open database.
07/29/03, 14:50:00, 4, 0, C:\Archivos de programa\Amapro\ReporteSalidasMateriaPrima.rpt:Open database session failed.
09/22/03, 23:03:06, 4, 0, \\ERICK\AMAPRO\\ProduccionLiberadaResumen.rpt:This field name is not known.
03/01/04, 14:07:50, 4, 0, C:\Archivos de programa\Amapro\ReporteE.rpt:Open database session failed.
03/01/04, 14:13:11, 4, 0, C:\Archivos de programa\Amapro\ReporteE.rpt:Open database session failed.
03/01/04, 14:28:21, 4, 0, C:\Archivos de programa\Amapro\ReporteE.rpt:Open database session failed.
03/09/04, 11:17:16, 4, 0, C:\Archivos de programa\Amapro\DespachosProductoTerminado.rpt:Cannot open database.
03/09/04, 11:17:16, 4, 0, C:\Archivos de programa\Amapro\DespachosProductoTerminado.rpt:Open database session failed.
03/09/04, 11:18:32, 4, 0, C:\Archivos de programa\Amapro\DespachosProductoTerminado.rpt:Cannot open database.
03/09/04, 11:18:32, 4, 0, C:\Archivos de programa\Amapro\DespachosProductoTerminado.rpt:Open database session failed.
03/09/04, 11:20:04, 4, 0, :File not found.
03/09/04, 11:20:04, 4, 0, :File not found.
03/09/04, 11:20:07, 4, 0, :File not found.
03/09/04, 11:20:13, 4, 0, :File not found.
03/09/04, 11:20:13, 4, 0, :File not found.
03/09/04, 11:20:16, 4, 0, :File not found.
03/10/04, 11:10:46, 4, 0, C:\Archivos de programa\Amapro\DespachosProductoTerminado.rpt:Cannot open database.
03/10/04, 11:10:46, 4, 0, C:\Archivos de programa\Amapro\DespachosProductoTerminado.rpt:Open database session failed.
03/11/04, 10:39:47, 4, 0, C:\Archivos de programa\Amapro\DespachosProductoTerminado.rpt:Cannot open database.
03/11/04, 10:39:47, 4, 0, C:\Archivos de programa\Amapro\DespachosProductoTerminado.rpt:Open database session failed.
04/03/04, 10:33:19, 4, 0, C:\Archivos de programa\Amapro\RepInvProTerDetGen.rpt:Open database session failed.
04/03/04, 10:36:21, 4, 0, C:\Archivos de programa\Amapro\RepInvProTerDet.rpt:Error starting print job. Please check your printer or network connection.
04/03/04, 10:36:26, 4, 0, C:\Archivos de programa\Amapro\RepInvProTerDet.rpt:Error starting print job. Please check your printer or network connection.
04/03/04, 10:36:51, 4, 0, C:\Archivos de programa\Amapro\RepInvProTerDet.rpt:Error starting print job. Please check your printer or network connection.
04/05/04, 07:27:53, 4, 0, C:\Archivos de programa\Amapro\RepInvMatPriExiDetFicha.rpt:Error starting print job. Please check your printer or network connection.
04/05/04, 07:28:17, 4, 0, C:\Archivos de programa\Amapro\RepInvMatPriExiDetFicha.rpt:Error starting print job. Please check your printer or network connection.
04/13/04, 08:43:26, 4, 0, C:\Archivos de programa\Amapro\EmpleadosFicha.rpt:This field name is not known.
04/15/04, 14:10:35, 4, 0, C:\Archivos de programa\Amapro\RutinasFichaTecnica.rpt:This field name is not known.
04/15/04, 14:11:28, 4, 0, C:\Archivos de programa\Amapro\Histograma.rpt:Open database session failed.
04/15/04, 14:11:33, 4, 0, C:\Archivos de programa\Amapro\Histograma.rpt:Open database session failed.
04/15/04, 14:11:38, 4, 0, C:\Archivos de programa\Amapro\Histograma.rpt:Open database session failed.
04/27/04, 17:12:30, 4, 0, :File not found.
04/27/04, 17:12:30, 4, 0, :File not found.
04/27/04, 17:12:36, 4, 0, :File not found.
04/27/04, 17:12:36, 4, 0, :File not found.
04/27/04, 17:12:39, 4, 0, :File not found.
04/27/04, 17:12:41, 4, 0, :File not found.
04/29/04, 17:09:42, 4, 0, :File not found.
04/29/04, 17:09:42, 4, 0, :File not found.
04/30/04, 08:33:58, 4, 0, :File not found.
04/30/04, 08:33:58, 4, 0, :File not found.
04/30/04, 08:34:13, 4, 0, :File not found.
04/30/04, 08:35:01, 4, 0, :File not found.
04/30/04, 08:35:01, 4, 0, :File not found.
04/30/04, 08:35:03, 4, 0, :File not found.
04/30/04, 08:35:05, 4, 0, :File not found.
