Línea 33: la clase CrystalActiveXReportViewerLib10Ctl.CrystalActiveXReport del control Vi no era una clase de control cargada.
Línea 39: el nombre de la propiedad lastProp de Visor no es válido.
Línea 40: el nombre de la propiedad _cx de Visor no es válido.
Línea 41: el nombre de la propiedad _cy de Visor no es válido.
Línea 42: el nombre de la propiedad DisplayGroupTree de Visor no es válido.
Línea 43: el nombre de la propiedad DisplayToolbar de Visor no es válido.
Línea 44: el nombre de la propiedad EnableGroupTree de Visor no es válido.
Línea 45: el nombre de la propiedad EnableNavigationControls de Visor no es válido.
Línea 46: el nombre de la propiedad EnableStopButton de Visor no es válido.
Línea 47: el nombre de la propiedad EnablePrintButton de Visor no es válido.
Línea 48: el nombre de la propiedad EnableZoomControl de Visor no es válido.
Línea 49: el nombre de la propiedad EnableCloseButton de Visor no es válido.
Línea 50: el nombre de la propiedad EnableProgressControl de Visor no es válido.
Línea 51: el nombre de la propiedad EnableSearchControl de Visor no es válido.
Línea 52: el nombre de la propiedad EnableRefreshButton de Visor no es válido.
Línea 53: el nombre de la propiedad EnableDrillDown de Visor no es válido.
Línea 54: el nombre de la propiedad EnableAnimationControl de Visor no es válido.
Línea 55: el nombre de la propiedad EnableSelectExpertButton de Visor no es válido.
Línea 56: el nombre de la propiedad EnableToolbar de Visor no es válido.
Línea 57: el nombre de la propiedad DisplayBorder de Visor no es válido.
Línea 58: el nombre de la propiedad DisplayTabs de Visor no es válido.
Línea 59: el nombre de la propiedad DisplayBackgroundEdge de Visor no es válido.
Línea 60: el nombre de la propiedad SelectionFormula de Visor no es válido.
Línea 61: el nombre de la propiedad EnablePopupMenu de Visor no es válido.
Línea 62: el nombre de la propiedad EnableExportButton de Visor no es válido.
Línea 63: el nombre de la propiedad EnableSearchExpertButton de Visor no es válido.
Línea 64: el nombre de la propiedad EnableHelpButton de Visor no es válido.
Línea 65: el nombre de la propiedad LaunchHTTPHyperlinksInNewBrowser de Visor no es válido.
Línea 66: el nombre de la propiedad EnableLogonPrompts de Visor no es válido.
